2025-01-02 18:35:57,223 [PID 37859] DEBUG Using selector: EpollSelector
2025-01-02 18:35:57,224 [PID 37859] INFO Reading Pyre server configurations...
2025-01-02 18:35:57,226 [PID 37859] ERROR Uncaught error in persistent.run
Traceback (most recent call last):
  File "/home/vscode/.local/lib/python3.10/site-packages/pyre_check/client/commands/persistent.py", line 302, in run
    return asyncio.get_event_loop().run_until_complete(
  File "/usr/lib/python3.10/asyncio/base_events.py", line 649, in run_until_complete
    return future.result()
  File "/home/vscode/.local/lib/python3.10/site-packages/pyre_check/client/commands/persistent.py", line 225, in run_persistent
    initial_server_options = pyre_server_options.read_server_options(
  File "/home/vscode/.local/lib/python3.10/site-packages/pyre_check/client/commands/pyre_server_options.py", line 130, in read_server_options
    return server_options_reader()
  File "/home/vscode/.local/lib/python3.10/site-packages/pyre_check/client/commands/pyre_server_options.py", line 115, in read
    return PyreServerOptions.create(
  File "/home/vscode/.local/lib/python3.10/site-packages/pyre_check/client/commands/pyre_server_options.py", line 95, in create
    start_arguments = start.create_server_arguments(
  File "/home/vscode/.local/lib/python3.10/site-packages/pyre_check/client/commands/start.py", line 316, in create_server_arguments
    source_paths = backend_arguments.get_source_path_for_server(
  File "/home/vscode/.local/lib/python3.10/site-packages/pyre_check/client/backend_arguments.py", line 398, in get_source_path_for_server
    return get_source_path(configuration, artifact_root_name, flavor, watchman_root)
  File "/home/vscode/.local/lib/python3.10/site-packages/pyre_check/client/backend_arguments.py", line 379, in get_source_path
    raise configuration_module.InvalidConfiguration(
pyre_check.client.configuration.exceptions.InvalidConfiguration: Invalid configuration: Cannot find any source files to analyze. Either `source_directories` or `targets` must be specified.
2025-01-02 18:35:57,850 [PID 38445] DEBUG Using selector: EpollSelector
2025-01-02 18:35:57,851 [PID 38445] INFO Reading Pyre server configurations...
2025-01-02 18:35:57,851 [PID 38445] ERROR Uncaught error in persistent.run
Traceback (most recent call last):
  File "/home/vscode/.local/lib/python3.10/site-packages/pyre_check/client/commands/persistent.py", line 302, in run
    return asyncio.get_event_loop().run_until_complete(
  File "/usr/lib/python3.10/asyncio/base_events.py", line 649, in run_until_complete
    return future.result()
  File "/home/vscode/.local/lib/python3.10/site-packages/pyre_check/client/commands/persistent.py", line 225, in run_persistent
    initial_server_options = pyre_server_options.read_server_options(
  File "/home/vscode/.local/lib/python3.10/site-packages/pyre_check/client/commands/pyre_server_options.py", line 130, in read_server_options
    return server_options_reader()
  File "/home/vscode/.local/lib/python3.10/site-packages/pyre_check/client/commands/pyre_server_options.py", line 115, in read
    return PyreServerOptions.create(
  File "/home/vscode/.local/lib/python3.10/site-packages/pyre_check/client/commands/pyre_server_options.py", line 95, in create
    start_arguments = start.create_server_arguments(
  File "/home/vscode/.local/lib/python3.10/site-packages/pyre_check/client/commands/start.py", line 316, in create_server_arguments
    source_paths = backend_arguments.get_source_path_for_server(
  File "/home/vscode/.local/lib/python3.10/site-packages/pyre_check/client/backend_arguments.py", line 398, in get_source_path_for_server
    return get_source_path(configuration, artifact_root_name, flavor, watchman_root)
  File "/home/vscode/.local/lib/python3.10/site-packages/pyre_check/client/backend_arguments.py", line 379, in get_source_path
    raise configuration_module.InvalidConfiguration(
pyre_check.client.configuration.exceptions.InvalidConfiguration: Invalid configuration: Cannot find any source files to analyze. Either `source_directories` or `targets` must be specified.
